L0: Bravia clients url: https://bravia.ru/try.html
L1: Home - Bravia clients url: https://bravia.ru/home.html
L1: Яндекс url: https://ya.ru
L1: no title - text/html content type url: https://hi.hyperskill.org
L2: no title - text/html content type url: https://hi.hyperskill.org/platform
L2: Login - Bravia clients url: https://bravia.ru/login.html
L2: Home - Bravia clients url: https://bravia.ru/home.html#
L2: JetBrains Academy: A hands-on platform for learning to program url: https://www.jetbrains.com/academy/
L1: JetBrains Academy: A hands-on platform for learning to program url: https://jetbrains.com/academy/
L2: no title - text/html content type url: https://mail.yandex.ru
L2: no title - text/html content type url: https://yandex.ru
L2: no title - text/html content type url: https://hyperskill.org/onboarding
L2: JetBrains Academy: A hands-on platform for learning to program url: https://jetbrains.com/academy/#jetbrains
L2: JetBrains Academy: A hands-on platform for learning to program url: https://jetbrains.com/academy/#reddit_24
L2: JetBrains Academy: A hands-on platform for learning to program url: https://jetbrains.com/academy/#facebook_24
L2: no title - text/html content type url: https://hyperskill.org/login
L2: FAQ: JetBrains Academy url: https://jetbrains.com/academy/faq/
L2: Get Started with JetBrains Academy: Free Trial, Pricing and Discounts url: https://jetbrains.com/academy/buy/
L2: no title - text/html content type url: https://twitter.com/jetbrains_edu
L2: JetBrains Academy: A hands-on platform for learning to program url: https://jetbrains.com/academy/#twitter_24
L2: JetBrains: Essential tools for software developers and teams url: https://jetbrains.com/
L2: JetBrains Academy: A hands-on platform for learning to program url: https://jetbrains.com/academy/#read_24
